\BOOKMARK [0][-]{chapter.1}{Introduction}{}% 1
\BOOKMARK [1][-]{section.1.1}{Background}{chapter.1}% 2
\BOOKMARK [2][-]{subsection.1.1.1}{A brief explanation of Android, hybrid applications and PhoneGap}{section.1.1}% 3
\BOOKMARK [1][-]{section.1.2}{Problem formulation}{chapter.1}% 4
\BOOKMARK [2][-]{subsection.1.2.1}{Preconditions}{section.1.2}% 5
\BOOKMARK [1][-]{section.1.3}{Contribution statement}{chapter.1}% 6
\BOOKMARK [1][-]{section.1.4}{Terminology}{chapter.1}% 7
\BOOKMARK [0][-]{chapter.2}{Approach}{}% 8
\BOOKMARK [1][-]{section.2.1}{Method}{chapter.2}% 9
\BOOKMARK [2][-]{subsection.2.1.1}{Demo application}{section.2.1}% 10
\BOOKMARK [2][-]{subsection.2.1.2}{Recent work}{section.2.1}% 11
\BOOKMARK [0][-]{chapter.3}{Evaluation}{}% 12
\BOOKMARK [1][-]{section.3.1}{Native android}{chapter.3}% 13
\BOOKMARK [2][-]{subsection.3.1.1}{Modularisation}{section.3.1}% 14
\BOOKMARK [2][-]{subsection.3.1.2}{Function calls between Java and JavaScript}{section.3.1}% 15
\BOOKMARK [1][-]{section.3.2}{Web application}{chapter.3}% 16
\BOOKMARK [2][-]{subsection.3.2.1}{Results}{section.3.2}% 17
\BOOKMARK [1][-]{section.3.3}{PhoneGap}{chapter.3}% 18
\BOOKMARK [2][-]{subsection.3.3.1}{Communicatating between PhoneGap \(native\) layer and the web application}{section.3.3}% 19
\BOOKMARK [2][-]{subsection.3.3.2}{Demo}{section.3.3}% 20
\BOOKMARK [0][-]{chapter.4}{Discussion}{}% 21
\BOOKMARK [1][-]{subsection.4.0.3}{Developing in Android}{chapter.4}% 22
\BOOKMARK [2][-]{subsection.4.0.4}{Developing in PhoneGap}{subsection.4.0.3}% 23
\BOOKMARK [0][-]{chapter.5}{Conclusions}{}% 24
